22:29:56.606 [TestNG-tests-1] INFO  testCases.TC_001_AccountRegistrationTest - lunching firefox browser
22:29:58.456 [TestNG-tests-2] INFO  testCases.TC_001_AccountRegistrationTest - lunching browser url
22:29:58.812 [TestNG-tests-2] INFO  testCases.TC_001_AccountRegistrationTest - *****TC_001_AccountRegistrationTest****
22:29:59.112 [TestNG-tests-2] INFO  testCases.TC_001_AccountRegistrationTest - click on my account
22:29:59.796 [TestNG-tests-2] INFO  testCases.TC_001_AccountRegistrationTest - click on registration
22:29:59.799 [TestNG-tests-2] INFO  testCases.TC_001_AccountRegistrationTest - providing customer details
22:30:01.181 [TestNG-tests-2] INFO  testCases.TC_001_AccountRegistrationTest - click on continue button
22:30:01.752 [TestNG-tests-2] INFO  testCases.TC_001_AccountRegistrationTest - closing browser
22:30:02.451 [TestNG-tests-1] INFO  testCases.TC_001_AccountRegistrationTest - lunching browser url
22:30:02.739 [TestNG-tests-1] INFO  testCases.TC_001_AccountRegistrationTest - *****TC_001_AccountRegistrationTest****
22:30:03.005 [TestNG-tests-1] INFO  testCases.TC_001_AccountRegistrationTest - click on my account
22:30:03.294 [TestNG-tests-1] INFO  testCases.TC_001_AccountRegistrationTest - click on registration
22:30:03.295 [TestNG-tests-1] INFO  testCases.TC_001_AccountRegistrationTest - providing customer details
22:30:04.075 [TestNG-tests-1] INFO  testCases.TC_001_AccountRegistrationTest - click on continue button
22:30:04.974 [TestNG-tests-1] INFO  testCases.TC_001_AccountRegistrationTest - closing browser
11:24:10.235 [main] INFO  testCases.TC_001_AccountRegistrationTest - lunching firefox browser
11:24:27.099 [main] INFO  testCases.TC_001_AccountRegistrationTest - lunching browser url
11:24:27.409 [main] INFO  testCases.TC_001_AccountRegistrationTest - *****TC_001_AccountRegistrationTest****
11:24:27.701 [main] INFO  testCases.TC_001_AccountRegistrationTest - click on my account
11:24:28.096 [main] INFO  testCases.TC_001_AccountRegistrationTest - click on registration
11:24:28.099 [main] INFO  testCases.TC_001_AccountRegistrationTest - providing customer details
11:24:28.839 [main] INFO  testCases.TC_001_AccountRegistrationTest - click on continue button
11:24:30.012 [main] INFO  testCases.TC_001_AccountRegistrationTest - closing browser
12:09:20.529 [main] INFO  testCases.TC_001_AccountRegistrationTest - lunching firefox browser
12:09:25.055 [main] INFO  testCases.TC_001_AccountRegistrationTest - lunching browser url
12:09:25.339 [main] INFO  testCases.TC_001_AccountRegistrationTest - *****TC_001_AccountRegistrationTest****
12:09:25.623 [main] INFO  testCases.TC_001_AccountRegistrationTest - click on my account
12:09:25.973 [main] INFO  testCases.TC_001_AccountRegistrationTest - click on registration
12:09:25.978 [main] INFO  testCases.TC_001_AccountRegistrationTest - providing customer details
12:09:26.858 [main] INFO  testCases.TC_001_AccountRegistrationTest - click on continue button
12:09:27.813 [main] INFO  testCases.TC_001_AccountRegistrationTest - closing browser
12:20:52.262 [main] INFO  testCases.TC_001_AccountRegistrationTest - lunching chrome browser
12:20:55.391 [main] INFO  testCases.TC_001_AccountRegistrationTest - lunching browser url
12:20:55.563 [main] INFO  testCases.TC_001_AccountRegistrationTest - *****TC_001_AccountRegistrationTest****
12:20:55.749 [main] INFO  testCases.TC_001_AccountRegistrationTest - click on my account
12:20:56.074 [main] INFO  testCases.TC_001_AccountRegistrationTest - click on registration
12:20:56.076 [main] INFO  testCases.TC_001_AccountRegistrationTest - providing customer details
12:20:56.567 [main] INFO  testCases.TC_001_AccountRegistrationTest - click on continue button
12:20:57.140 [main] INFO  testCases.TC_001_AccountRegistrationTest - closing browser
12:21:20.460 [main] INFO  testCases.TC_001_AccountRegistrationTest - lunching chrome browser
12:21:22.411 [main] INFO  testCases.TC_001_AccountRegistrationTest - lunching browser url
12:21:22.588 [main] INFO  testCases.TC_001_AccountRegistrationTest - *****TC_001_AccountRegistrationTest****
12:21:22.794 [main] INFO  testCases.TC_001_AccountRegistrationTest - click on my account
12:21:23.198 [main] INFO  testCases.TC_001_AccountRegistrationTest - click on registration
12:21:23.200 [main] INFO  testCases.TC_001_AccountRegistrationTest - providing customer details
12:21:23.680 [main] INFO  testCases.TC_001_AccountRegistrationTest - click on continue button
12:21:24.325 [main] INFO  testCases.TC_001_AccountRegistrationTest - closing browser
12:23:36.814 [main] INFO  testCases.TC_001_AccountRegistrationTest - lunching chrome browser
12:23:39.162 [main] INFO  testCases.TC_001_AccountRegistrationTest - lunching browser url
12:23:39.328 [main] INFO  testCases.TC_001_AccountRegistrationTest - *****TC_001_AccountRegistrationTest****
12:23:39.561 [main] INFO  testCases.TC_001_AccountRegistrationTest - click on my account
12:23:40.006 [main] INFO  testCases.TC_001_AccountRegistrationTest - click on registration
12:23:40.008 [main] INFO  testCases.TC_001_AccountRegistrationTest - providing customer details
12:23:40.821 [main] INFO  testCases.TC_001_AccountRegistrationTest - click on continue button
12:23:41.430 [main] INFO  testCases.TC_001_AccountRegistrationTest - closing browser
01:19:24.494 [main] INFO  testCases.TC_001_AccountRegistrationTest - lunching chrome browser
01:19:28.356 [main] INFO  testCases.TC_001_AccountRegistrationTest - lunching browser url
01:19:28.516 [main] INFO  testCases.TC_001_AccountRegistrationTest - *****TC_001_AccountRegistrationTest****
01:19:28.686 [main] INFO  testCases.TC_001_AccountRegistrationTest - click on my account
01:19:29.153 [main] INFO  testCases.TC_001_AccountRegistrationTest - click on registration
01:19:29.156 [main] INFO  testCases.TC_001_AccountRegistrationTest - providing customer details
01:19:30.050 [main] INFO  testCases.TC_001_AccountRegistrationTest - click on continue button
01:19:30.696 [main] INFO  testCases.TC_001_AccountRegistrationTest - closing browser
01:21:15.733 [main] INFO  testCases.TC_001_AccountRegistrationTest - lunching chrome browser
01:21:18.173 [main] INFO  testCases.TC_001_AccountRegistrationTest - lunching browser url
01:21:18.343 [main] INFO  testCases.TC_001_AccountRegistrationTest - *****TC_001_AccountRegistrationTest****
01:21:18.613 [main] INFO  testCases.TC_001_AccountRegistrationTest - click on my account
01:21:19.086 [main] INFO  testCases.TC_001_AccountRegistrationTest - click on registration
01:21:19.089 [main] INFO  testCases.TC_001_AccountRegistrationTest - providing customer details
01:21:20.047 [main] INFO  testCases.TC_001_AccountRegistrationTest - click on continue button
01:21:30.462 [main] INFO  testCases.TC_001_AccountRegistrationTest - closing browser
01:23:12.459 [main] INFO  testCases.TC_001_AccountRegistrationTest - lunching chrome browser
01:23:15.448 [main] INFO  testCases.TC_001_AccountRegistrationTest - lunching browser url
01:23:15.620 [main] INFO  testCases.TC_001_AccountRegistrationTest - *****TC_001_AccountRegistrationTest****
01:23:15.753 [main] INFO  testCases.TC_001_AccountRegistrationTest - click on my account
01:23:16.153 [main] INFO  testCases.TC_001_AccountRegistrationTest - click on registration
01:23:16.155 [main] INFO  testCases.TC_001_AccountRegistrationTest - providing customer details
01:23:16.655 [main] INFO  testCases.TC_001_AccountRegistrationTest - click on continue button
01:23:17.377 [main] INFO  testCases.TC_001_AccountRegistrationTest - closing browser
10:27:36.484 [main] INFO  testCases.TC_001_AccountRegistrationTest - lunching chrome browser
10:27:40.100 [main] INFO  testCases.TC_001_AccountRegistrationTest - lunching browser url
10:27:40.243 [main] INFO  testCases.TC_001_AccountRegistrationTest - *****TC_001_AccountRegistrationTest****
10:27:40.393 [main] INFO  testCases.TC_001_AccountRegistrationTest - click on my account
10:27:40.836 [main] INFO  testCases.TC_001_AccountRegistrationTest - click on registration
10:27:40.838 [main] INFO  testCases.TC_001_AccountRegistrationTest - providing customer details
10:27:41.453 [main] INFO  testCases.TC_001_AccountRegistrationTest - click on continue button
10:27:42.171 [main] INFO  testCases.TC_001_AccountRegistrationTest - closing browser
12:50:50.872 [main] INFO  testCases.TC_001_AccountRegistrationTest - lunching chrome browser
12:50:55.464 [main] INFO  testCases.TC_001_AccountRegistrationTest - lunching browser url
12:50:55.627 [main] INFO  testCases.TC_001_AccountRegistrationTest - *****TC_001_AccountRegistrationTest****
12:50:55.806 [main] INFO  testCases.TC_001_AccountRegistrationTest - click on my account
12:50:56.352 [main] INFO  testCases.TC_001_AccountRegistrationTest - click on registration
12:50:56.352 [main] INFO  testCases.TC_001_AccountRegistrationTest - clicking login link
12:51:06.830 [main] INFO  testCases.TC_001_AccountRegistrationTest - closing browser
12:51:47.322 [main] INFO  testCases.TC_001_AccountRegistrationTest - lunching chrome browser
12:51:49.972 [main] INFO  testCases.TC_001_AccountRegistrationTest - lunching browser url
12:51:50.165 [main] INFO  testCases.TC_001_AccountRegistrationTest - *****TC_001_AccountRegistrationTest****
12:52:01.047 [main] INFO  testCases.TC_001_AccountRegistrationTest - closing browser
12:52:44.391 [main] INFO  testCases.TC_001_AccountRegistrationTest - lunching chrome browser
12:52:46.952 [main] INFO  testCases.TC_001_AccountRegistrationTest - lunching browser url
12:52:47.129 [main] INFO  testCases.TC_001_AccountRegistrationTest - *****TC_001_AccountRegistrationTest****
12:52:47.352 [main] INFO  testCases.TC_001_AccountRegistrationTest - click on my account
12:52:47.882 [main] INFO  testCases.TC_001_AccountRegistrationTest - click on registration
12:52:47.886 [main] INFO  testCases.TC_001_AccountRegistrationTest - providing customer details
12:52:48.895 [main] INFO  testCases.TC_001_AccountRegistrationTest - click on continue button
12:52:49.662 [main] INFO  testCases.TC_001_AccountRegistrationTest - closing browser
13:10:46.464 [main] INFO  testCases.TC_001_AccountRegistrationTest - lunching chrome browser
13:10:50.393 [main] INFO  testCases.TC_001_AccountRegistrationTest - lunching browser url
13:10:50.549 [main] INFO  testCases.TC_001_AccountRegistrationTest - *****TC_001_AccountRegistrationTest****
13:10:50.786 [main] INFO  testCases.TC_001_AccountRegistrationTest - click on my account
13:10:51.472 [main] INFO  testCases.TC_001_AccountRegistrationTest - click on registration
13:10:51.474 [main] INFO  testCases.TC_001_AccountRegistrationTest - providing customer details
13:10:52.378 [main] INFO  testCases.TC_001_AccountRegistrationTest - click on continue button
13:10:53.226 [main] INFO  testCases.TC_001_AccountRegistrationTest - closing browser
13:10:53.229 [main] INFO  testCases.TC_002_LoginTest - lunching chrome browser
13:10:55.418 [main] INFO  testCases.TC_002_LoginTest - lunching browser url
13:11:06.351 [main] INFO  testCases.TC_002_LoginTest - closing browser
15:38:50.624 [main] INFO  testCases.TC_001_AccountRegistrationTest - lunching chrome browser
15:38:54.609 [main] INFO  testCases.TC_001_AccountRegistrationTest - lunching browser url
15:38:54.769 [main] INFO  testCases.TC_001_AccountRegistrationTest - *****TC_001_AccountRegistrationTest****
15:38:55.000 [main] INFO  testCases.TC_001_AccountRegistrationTest - click on my account
15:38:55.616 [main] INFO  testCases.TC_001_AccountRegistrationTest - click on registration
15:38:55.621 [main] INFO  testCases.TC_001_AccountRegistrationTest - providing customer details
15:38:56.990 [main] INFO  testCases.TC_001_AccountRegistrationTest - click on continue button
15:38:57.814 [main] INFO  testCases.TC_001_AccountRegistrationTest - closing browser
15:38:57.817 [main] INFO  testCases.TC_002_LoginTest - lunching chrome browser
15:38:59.832 [main] INFO  testCases.TC_002_LoginTest - lunching browser url
15:39:10.696 [main] INFO  testCases.TC_002_LoginTest - closing browser
15:43:33.307 [main] INFO  testCases.TC_001_AccountRegistrationTest - lunching chrome browser
15:43:36.562 [main] INFO  testCases.TC_001_AccountRegistrationTest - lunching browser url
15:43:36.744 [main] INFO  testCases.TC_001_AccountRegistrationTest - *****TC_001_AccountRegistrationTest****
15:43:36.960 [main] INFO  testCases.TC_001_AccountRegistrationTest - click on my account
15:43:37.429 [main] INFO  testCases.TC_001_AccountRegistrationTest - click on registration
15:43:37.431 [main] INFO  testCases.TC_001_AccountRegistrationTest - providing customer details
15:43:38.228 [main] INFO  testCases.TC_001_AccountRegistrationTest - click on continue button
15:43:39.338 [main] INFO  testCases.TC_001_AccountRegistrationTest - closing browser
15:43:39.342 [main] INFO  testCases.TC_002_LoginTest - lunching chrome browser
15:43:41.687 [main] INFO  testCases.TC_002_LoginTest - lunching browser url
15:43:43.490 [main] INFO  testCases.TC_002_LoginTest - closing browser
15:45:49.992 [main] INFO  testCases.TC_001_AccountRegistrationTest - lunching chrome browser
15:45:53.585 [main] INFO  testCases.TC_001_AccountRegistrationTest - lunching browser url
15:45:53.755 [main] INFO  testCases.TC_001_AccountRegistrationTest - *****TC_001_AccountRegistrationTest****
15:45:53.921 [main] INFO  testCases.TC_001_AccountRegistrationTest - click on my account
15:45:54.421 [main] INFO  testCases.TC_001_AccountRegistrationTest - click on registration
15:45:54.424 [main] INFO  testCases.TC_001_AccountRegistrationTest - providing customer details
15:45:55.227 [main] INFO  testCases.TC_001_AccountRegistrationTest - click on continue button
15:45:56.119 [main] INFO  testCases.TC_001_AccountRegistrationTest - closing browser
15:45:56.122 [main] INFO  testCases.TC_002_LoginTest - lunching chrome browser
15:45:58.327 [main] INFO  testCases.TC_002_LoginTest - lunching browser url
15:46:00.059 [main] INFO  testCases.TC_002_LoginTest - closing browser
15:47:20.507 [main] INFO  testCases.TC_001_AccountRegistrationTest - lunching chrome browser
15:47:23.316 [main] INFO  testCases.TC_001_AccountRegistrationTest - lunching browser url
15:47:23.474 [main] INFO  testCases.TC_001_AccountRegistrationTest - *****TC_001_AccountRegistrationTest****
15:47:23.636 [main] INFO  testCases.TC_001_AccountRegistrationTest - click on my account
15:47:24.049 [main] INFO  testCases.TC_001_AccountRegistrationTest - click on registration
15:47:24.051 [main] INFO  testCases.TC_001_AccountRegistrationTest - providing customer details
15:47:24.788 [main] INFO  testCases.TC_001_AccountRegistrationTest - click on continue button
15:47:25.828 [main] INFO  testCases.TC_001_AccountRegistrationTest - closing browser
15:47:25.831 [main] INFO  testCases.TC_002_LoginTest - lunching chrome browser
15:47:28.040 [main] INFO  testCases.TC_002_LoginTest - lunching browser url
15:47:30.058 [main] INFO  testCases.TC_002_LoginTest - closing browser
15:55:19.492 [main] INFO  testCases.TC_001_AccountRegistrationTest - lunching chrome browser
15:55:22.890 [main] INFO  testCases.TC_001_AccountRegistrationTest - lunching browser url
15:55:23.056 [main] INFO  testCases.TC_001_AccountRegistrationTest - *****TC_001_AccountRegistrationTest****
15:55:23.260 [main] INFO  testCases.TC_001_AccountRegistrationTest - click on my account
15:55:23.736 [main] INFO  testCases.TC_001_AccountRegistrationTest - click on registration
15:55:23.738 [main] INFO  testCases.TC_001_AccountRegistrationTest - providing customer details
15:55:24.594 [main] INFO  testCases.TC_001_AccountRegistrationTest - click on continue button
15:55:25.596 [main] INFO  testCases.TC_001_AccountRegistrationTest - closing browser
15:55:25.600 [main] INFO  testCases.TC_002_LoginTest - lunching chrome browser
15:55:27.981 [main] INFO  testCases.TC_002_LoginTest - lunching browser url
15:55:30.209 [main] INFO  testCases.TC_002_LoginTest - closing browser
16:01:42.183 [main] INFO  testCases.TC_001_AccountRegistrationTest - lunching chrome browser
16:01:45.794 [main] INFO  testCases.TC_001_AccountRegistrationTest - lunching browser url
16:01:46.225 [main] INFO  testCases.TC_001_AccountRegistrationTest - *****TC_001_AccountRegistrationTest****
16:01:46.472 [main] INFO  testCases.TC_001_AccountRegistrationTest - click on my account
16:01:47.129 [main] INFO  testCases.TC_001_AccountRegistrationTest - click on registration
16:01:47.137 [main] INFO  testCases.TC_001_AccountRegistrationTest - providing customer details
16:01:48.071 [main] INFO  testCases.TC_001_AccountRegistrationTest - click on continue button
16:01:48.877 [main] INFO  testCases.TC_001_AccountRegistrationTest - closing browser
16:01:48.880 [main] INFO  testCases.TC_002_LoginTest - lunching chrome browser
16:01:50.812 [main] INFO  testCases.TC_002_LoginTest - lunching browser url
16:01:52.405 [main] INFO  testCases.TC_002_LoginTest - closing browser
17:37:44.017 [main] INFO  testCases.TC_001_AccountRegistrationTest - lunching chrome browser
17:37:47.225 [main] INFO  testCases.TC_001_AccountRegistrationTest - lunching browser url
17:37:47.468 [main] INFO  testCases.TC_001_AccountRegistrationTest - *****TC_001_AccountRegistrationTest****
17:37:47.628 [main] INFO  testCases.TC_001_AccountRegistrationTest - click on my account
17:37:47.984 [main] INFO  testCases.TC_001_AccountRegistrationTest - click on registration
17:37:47.986 [main] INFO  testCases.TC_001_AccountRegistrationTest - providing customer details
17:37:48.497 [main] INFO  testCases.TC_001_AccountRegistrationTest - click on continue button
17:37:49.170 [main] INFO  testCases.TC_001_AccountRegistrationTest - closing browser
17:37:49.173 [main] INFO  testCases.TC_002_LoginTest - lunching chrome browser
17:37:51.179 [main] INFO  testCases.TC_002_LoginTest - lunching browser url
17:37:52.673 [main] INFO  testCases.TC_002_LoginTest - closing browser
18:06:28.563 [main] INFO  testCases.TC_003_LoginDataDrivenTest - lunching chrome browser
18:06:32.025 [main] INFO  testCases.TC_003_LoginDataDrivenTest - lunching browser url
18:06:32.981 [main] INFO  testCases.TC_003_LoginDataDrivenTest - closing browser
18:07:24.208 [main] INFO  testCases.TC_003_LoginDataDrivenTest - lunching chrome browser
18:07:26.727 [main] INFO  testCases.TC_003_LoginDataDrivenTest - lunching browser url
18:07:27.533 [main] INFO  testCases.TC_003_LoginDataDrivenTest - closing browser
18:08:36.856 [main] INFO  testCases.TC_001_AccountRegistrationTest - lunching chrome browser
18:08:39.362 [main] INFO  testCases.TC_001_AccountRegistrationTest - lunching browser url
18:08:39.544 [main] INFO  testCases.TC_001_AccountRegistrationTest - *****TC_001_AccountRegistrationTest****
18:08:39.779 [main] INFO  testCases.TC_001_AccountRegistrationTest - click on my account
18:08:40.203 [main] INFO  testCases.TC_001_AccountRegistrationTest - click on registration
18:08:40.205 [main] INFO  testCases.TC_001_AccountRegistrationTest - providing customer details
18:08:40.752 [main] INFO  testCases.TC_001_AccountRegistrationTest - click on continue button
18:08:41.423 [main] INFO  testCases.TC_001_AccountRegistrationTest - closing browser
18:08:41.425 [main] INFO  testCases.TC_002_LoginTest - lunching chrome browser
18:08:43.345 [main] INFO  testCases.TC_002_LoginTest - lunching browser url
18:08:45.216 [main] INFO  testCases.TC_002_LoginTest - closing browser
18:08:45.217 [main] INFO  testCases.TC_003_LoginDataDrivenTest - lunching chrome browser
18:08:46.890 [main] INFO  testCases.TC_003_LoginDataDrivenTest - lunching browser url
18:08:47.785 [main] INFO  testCases.TC_003_LoginDataDrivenTest - closing browser
18:11:25.640 [main] INFO  testCases.TC_001_AccountRegistrationTest - lunching chrome browser
18:11:28.204 [main] INFO  testCases.TC_001_AccountRegistrationTest - lunching browser url
18:11:28.378 [main] INFO  testCases.TC_001_AccountRegistrationTest - *****TC_001_AccountRegistrationTest****
18:11:28.578 [main] INFO  testCases.TC_001_AccountRegistrationTest - click on my account
18:11:29.061 [main] INFO  testCases.TC_001_AccountRegistrationTest - click on registration
18:11:29.063 [main] INFO  testCases.TC_001_AccountRegistrationTest - providing customer details
18:11:29.629 [main] INFO  testCases.TC_001_AccountRegistrationTest - click on continue button
18:11:30.209 [main] INFO  testCases.TC_001_AccountRegistrationTest - closing browser
18:11:30.211 [main] INFO  testCases.TC_002_LoginTest - lunching chrome browser
18:11:31.765 [main] INFO  testCases.TC_002_LoginTest - lunching browser url
18:11:33.624 [main] INFO  testCases.TC_002_LoginTest - closing browser
18:11:33.625 [main] INFO  testCases.TC_003_LoginDataDrivenTest - lunching chrome browser
18:11:35.181 [main] INFO  testCases.TC_003_LoginDataDrivenTest - lunching browser url
18:11:36.000 [main] INFO  testCases.TC_003_LoginDataDrivenTest - closing browser
18:12:32.855 [main] INFO  testCases.TC_001_AccountRegistrationTest - lunching chrome browser
18:12:35.275 [main] INFO  testCases.TC_001_AccountRegistrationTest - lunching browser url
18:12:35.453 [main] INFO  testCases.TC_001_AccountRegistrationTest - *****TC_001_AccountRegistrationTest****
18:12:35.592 [main] INFO  testCases.TC_001_AccountRegistrationTest - click on my account
18:12:35.976 [main] INFO  testCases.TC_001_AccountRegistrationTest - click on registration
18:12:35.979 [main] INFO  testCases.TC_001_AccountRegistrationTest - providing customer details
18:12:36.448 [main] INFO  testCases.TC_001_AccountRegistrationTest - click on continue button
18:12:37.074 [main] INFO  testCases.TC_001_AccountRegistrationTest - closing browser
18:12:37.076 [main] INFO  testCases.TC_002_LoginTest - lunching chrome browser
18:12:38.709 [main] INFO  testCases.TC_002_LoginTest - lunching browser url
18:12:40.223 [main] INFO  testCases.TC_002_LoginTest - closing browser
18:12:40.225 [main] INFO  testCases.TC_003_LoginDataDrivenTest - lunching chrome browser
18:12:41.695 [main] INFO  testCases.TC_003_LoginDataDrivenTest - lunching browser url
18:12:42.493 [main] INFO  testCases.TC_003_LoginDataDrivenTest - closing browser
18:17:23.296 [main] INFO  testCases.TC_001_AccountRegistrationTest - lunching chrome browser
18:17:25.968 [main] INFO  testCases.TC_001_AccountRegistrationTest - lunching browser url
18:17:26.106 [main] INFO  testCases.TC_001_AccountRegistrationTest - *****TC_001_AccountRegistrationTest****
18:17:26.236 [main] INFO  testCases.TC_001_AccountRegistrationTest - click on my account
18:17:26.616 [main] INFO  testCases.TC_001_AccountRegistrationTest - click on registration
18:17:26.618 [main] INFO  testCases.TC_001_AccountRegistrationTest - providing customer details
18:17:27.142 [main] INFO  testCases.TC_001_AccountRegistrationTest - click on continue button
18:17:27.809 [main] INFO  testCases.TC_001_AccountRegistrationTest - closing browser
18:17:27.811 [main] INFO  testCases.TC_002_LoginTest - lunching chrome browser
18:17:29.450 [main] INFO  testCases.TC_002_LoginTest - lunching browser url
18:17:31.075 [main] INFO  testCases.TC_002_LoginTest - closing browser
18:17:31.077 [main] INFO  testCases.TC_003_LoginDataDrivenTest - lunching chrome browser
18:17:32.576 [main] INFO  testCases.TC_003_LoginDataDrivenTest - lunching browser url
18:17:33.507 [main] INFO  testCases.TC_003_LoginDataDrivenTest - closing browser
18:20:06.852 [main] INFO  testCases.TC_001_AccountRegistrationTest - lunching chrome browser
18:20:09.078 [main] INFO  testCases.TC_001_AccountRegistrationTest - lunching browser url
18:20:09.215 [main] INFO  testCases.TC_001_AccountRegistrationTest - *****TC_001_AccountRegistrationTest****
18:20:09.352 [main] INFO  testCases.TC_001_AccountRegistrationTest - click on my account
18:20:09.717 [main] INFO  testCases.TC_001_AccountRegistrationTest - click on registration
18:20:09.719 [main] INFO  testCases.TC_001_AccountRegistrationTest - providing customer details
18:20:10.204 [main] INFO  testCases.TC_001_AccountRegistrationTest - click on continue button
18:20:10.801 [main] INFO  testCases.TC_001_AccountRegistrationTest - closing browser
18:20:10.804 [main] INFO  testCases.TC_002_LoginTest - lunching chrome browser
18:20:12.166 [main] INFO  testCases.TC_002_LoginTest - lunching browser url
18:20:14.055 [main] INFO  testCases.TC_002_LoginTest - closing browser
18:20:14.056 [main] INFO  testCases.TC_003_LoginDataDrivenTest - lunching chrome browser
18:20:15.536 [main] INFO  testCases.TC_003_LoginDataDrivenTest - lunching browser url
18:20:16.502 [main] INFO  testCases.TC_003_LoginDataDrivenTest - closing browser
18:22:48.817 [main] INFO  testCases.TC_001_AccountRegistrationTest - lunching chrome browser
18:22:51.333 [main] INFO  testCases.TC_001_AccountRegistrationTest - lunching browser url
18:22:51.471 [main] INFO  testCases.TC_001_AccountRegistrationTest - *****TC_001_AccountRegistrationTest****
18:22:51.603 [main] INFO  testCases.TC_001_AccountRegistrationTest - click on my account
18:22:51.929 [main] INFO  testCases.TC_001_AccountRegistrationTest - click on registration
18:22:51.931 [main] INFO  testCases.TC_001_AccountRegistrationTest - providing customer details
18:22:52.414 [main] INFO  testCases.TC_001_AccountRegistrationTest - click on continue button
18:22:53.087 [main] INFO  testCases.TC_001_AccountRegistrationTest - closing browser
18:22:53.090 [main] INFO  testCases.TC_002_LoginTest - lunching chrome browser
18:22:54.650 [main] INFO  testCases.TC_002_LoginTest - lunching browser url
18:22:56.373 [main] INFO  testCases.TC_002_LoginTest - closing browser
18:22:56.374 [main] INFO  testCases.TC_003_LoginDataDrivenTest - lunching chrome browser
18:22:58.068 [main] INFO  testCases.TC_003_LoginDataDrivenTest - lunching browser url
18:22:58.963 [main] INFO  testCases.TC_003_LoginDataDrivenTest - closing browser
18:26:24.526 [main] INFO  testCases.TC_001_AccountRegistrationTest - lunching chrome browser
18:26:26.900 [main] INFO  testCases.TC_001_AccountRegistrationTest - lunching browser url
18:26:27.048 [main] INFO  testCases.TC_001_AccountRegistrationTest - *****TC_001_AccountRegistrationTest****
18:26:27.156 [main] INFO  testCases.TC_001_AccountRegistrationTest - click on my account
18:26:27.432 [main] INFO  testCases.TC_001_AccountRegistrationTest - click on registration
18:26:27.434 [main] INFO  testCases.TC_001_AccountRegistrationTest - providing customer details
18:26:28.256 [main] INFO  testCases.TC_001_AccountRegistrationTest - click on continue button
18:26:28.825 [main] INFO  testCases.TC_001_AccountRegistrationTest - closing browser
18:26:28.827 [main] INFO  testCases.TC_002_LoginTest - lunching chrome browser
18:26:30.302 [main] INFO  testCases.TC_002_LoginTest - lunching browser url
18:26:31.888 [main] INFO  testCases.TC_002_LoginTest - closing browser
18:26:31.888 [main] INFO  testCases.TC_003_LoginDataDrivenTest - lunching chrome browser
18:26:33.309 [main] INFO  testCases.TC_003_LoginDataDrivenTest - lunching browser url
18:26:34.382 [main] INFO  testCases.TC_003_LoginDataDrivenTest - Starting TC_003 Data Driven Test
18:26:45.191 [main] INFO  testCases.TC_003_LoginDataDrivenTest - Starting TC_003 Data Driven Test
18:26:55.815 [main] INFO  testCases.TC_003_LoginDataDrivenTest - Starting TC_003 Data Driven Test
18:27:06.415 [main] INFO  testCases.TC_003_LoginDataDrivenTest - Starting TC_003 Data Driven Test
18:27:16.990 [main] INFO  testCases.TC_003_LoginDataDrivenTest - Starting TC_003 Data Driven Test
18:27:18.324 [main] INFO  testCases.TC_003_LoginDataDrivenTest - closing browser
18:31:46.805 [main] INFO  testCases.TC_001_AccountRegistrationTest - lunching chrome browser
18:31:49.336 [main] INFO  testCases.TC_001_AccountRegistrationTest - lunching browser url
18:31:49.481 [main] INFO  testCases.TC_001_AccountRegistrationTest - *****TC_001_AccountRegistrationTest****
18:31:49.606 [main] INFO  testCases.TC_001_AccountRegistrationTest - click on my account
18:31:49.923 [main] INFO  testCases.TC_001_AccountRegistrationTest - click on registration
18:31:49.925 [main] INFO  testCases.TC_001_AccountRegistrationTest - providing customer details
18:31:50.504 [main] INFO  testCases.TC_001_AccountRegistrationTest - click on continue button
18:31:51.080 [main] INFO  testCases.TC_001_AccountRegistrationTest - closing browser
18:31:51.083 [main] INFO  testCases.TC_002_LoginTest - lunching chrome browser
18:31:52.603 [main] INFO  testCases.TC_002_LoginTest - lunching browser url
18:31:54.387 [main] INFO  testCases.TC_002_LoginTest - closing browser
18:31:54.388 [main] INFO  testCases.TC_003_LoginDataDrivenTest - lunching chrome browser
18:31:55.858 [main] INFO  testCases.TC_003_LoginDataDrivenTest - lunching browser url
18:31:56.917 [main] INFO  testCases.TC_003_LoginDataDrivenTest - Starting TC_003 Data Driven Test
18:32:07.818 [main] INFO  testCases.TC_003_LoginDataDrivenTest - Starting TC_003 Data Driven Test
18:32:18.453 [main] INFO  testCases.TC_003_LoginDataDrivenTest - Starting TC_003 Data Driven Test
18:32:29.048 [main] INFO  testCases.TC_003_LoginDataDrivenTest - Starting TC_003 Data Driven Test
18:32:39.656 [main] INFO  testCases.TC_003_LoginDataDrivenTest - Starting TC_003 Data Driven Test
18:32:40.972 [main] INFO  testCases.TC_003_LoginDataDrivenTest - closing browser
18:34:53.869 [main] INFO  testCases.TC_001_AccountRegistrationTest - lunching chrome browser
18:34:56.195 [main] INFO  testCases.TC_001_AccountRegistrationTest - lunching browser url
18:34:56.339 [main] INFO  testCases.TC_001_AccountRegistrationTest - *****TC_001_AccountRegistrationTest****
18:34:56.459 [main] INFO  testCases.TC_001_AccountRegistrationTest - click on my account
18:34:56.808 [main] INFO  testCases.TC_001_AccountRegistrationTest - click on registration
18:34:56.810 [main] INFO  testCases.TC_001_AccountRegistrationTest - providing customer details
18:34:57.307 [main] INFO  testCases.TC_001_AccountRegistrationTest - click on continue button
18:34:57.991 [main] INFO  testCases.TC_001_AccountRegistrationTest - closing browser
18:34:57.994 [main] INFO  testCases.TC_002_LoginTest - lunching chrome browser
18:34:59.516 [main] INFO  testCases.TC_002_LoginTest - lunching browser url
18:35:01.198 [main] INFO  testCases.TC_002_LoginTest - closing browser
18:35:01.199 [main] INFO  testCases.TC_003_LoginDataDrivenTest - lunching chrome browser
18:35:02.755 [main] INFO  testCases.TC_003_LoginDataDrivenTest - lunching browser url
18:35:03.872 [main] INFO  testCases.TC_003_LoginDataDrivenTest - Starting TC_003 Data Driven Test
18:35:14.500 [main] INFO  testCases.TC_003_LoginDataDrivenTest - Starting TC_003 Data Driven Test
18:35:24.925 [main] INFO  testCases.TC_003_LoginDataDrivenTest - Starting TC_003 Data Driven Test
18:35:35.361 [main] INFO  testCases.TC_003_LoginDataDrivenTest - Starting TC_003 Data Driven Test
18:35:45.814 [main] INFO  testCases.TC_003_LoginDataDrivenTest - Starting TC_003 Data Driven Test
18:35:46.969 [main] INFO  testCases.TC_003_LoginDataDrivenTest - closing browser
18:37:43.705 [main] INFO  testCases.TC_001_AccountRegistrationTest - lunching chrome browser
18:37:45.902 [main] INFO  testCases.TC_001_AccountRegistrationTest - lunching browser url
18:37:46.046 [main] INFO  testCases.TC_001_AccountRegistrationTest - *****TC_001_AccountRegistrationTest****
18:37:46.156 [main] INFO  testCases.TC_001_AccountRegistrationTest - click on my account
18:37:46.476 [main] INFO  testCases.TC_001_AccountRegistrationTest - click on registration
18:37:46.478 [main] INFO  testCases.TC_001_AccountRegistrationTest - providing customer details
18:37:46.959 [main] INFO  testCases.TC_001_AccountRegistrationTest - click on continue button
18:37:47.509 [main] INFO  testCases.TC_001_AccountRegistrationTest - closing browser
18:37:47.511 [main] INFO  testCases.TC_002_LoginTest - lunching chrome browser
18:37:49.310 [main] INFO  testCases.TC_002_LoginTest - lunching browser url
18:37:50.878 [main] INFO  testCases.TC_002_LoginTest - closing browser
18:37:50.878 [main] INFO  testCases.TC_003_LoginDataDrivenTest - lunching chrome browser
18:37:52.343 [main] INFO  testCases.TC_003_LoginDataDrivenTest - lunching browser url
18:37:53.427 [main] INFO  testCases.TC_003_LoginDataDrivenTest - Starting TC_003 Data Driven Test
18:38:04.082 [main] INFO  testCases.TC_003_LoginDataDrivenTest - Starting TC_003 Data Driven Test
18:38:14.524 [main] INFO  testCases.TC_003_LoginDataDrivenTest - Starting TC_003 Data Driven Test
18:38:24.953 [main] INFO  testCases.TC_003_LoginDataDrivenTest - Starting TC_003 Data Driven Test
18:38:35.429 [main] INFO  testCases.TC_003_LoginDataDrivenTest - Starting TC_003 Data Driven Test
18:38:36.551 [main] INFO  testCases.TC_003_LoginDataDrivenTest - closing browser
18:50:55.091 [main] INFO  testCases.TC_001_AccountRegistrationTest - lunching chrome browser
18:50:57.563 [main] INFO  testCases.TC_001_AccountRegistrationTest - lunching browser url
18:50:57.729 [main] INFO  testCases.TC_001_AccountRegistrationTest - *****TC_001_AccountRegistrationTest****
18:50:57.900 [main] INFO  testCases.TC_001_AccountRegistrationTest - click on my account
18:50:58.335 [main] INFO  testCases.TC_001_AccountRegistrationTest - click on registration
18:50:58.338 [main] INFO  testCases.TC_001_AccountRegistrationTest - providing customer details
18:50:58.880 [main] INFO  testCases.TC_001_AccountRegistrationTest - click on continue button
18:50:59.490 [main] INFO  testCases.TC_001_AccountRegistrationTest - closing browser
18:50:59.492 [main] INFO  testCases.TC_002_LoginTest - lunching chrome browser
18:51:01.196 [main] INFO  testCases.TC_002_LoginTest - lunching browser url
18:51:02.749 [main] INFO  testCases.TC_002_LoginTest - closing browser
18:51:02.751 [main] INFO  testCases.TC_003_LoginDataDrivenTest - lunching chrome browser
18:51:04.279 [main] INFO  testCases.TC_003_LoginDataDrivenTest - lunching browser url
18:51:05.426 [main] INFO  testCases.TC_003_LoginDataDrivenTest - Starting TC_003 Data Driven Test
18:51:16.085 [main] INFO  testCases.TC_003_LoginDataDrivenTest - Starting TC_003 Data Driven Test
18:51:26.562 [main] INFO  testCases.TC_003_LoginDataDrivenTest - Starting TC_003 Data Driven Test
18:51:37.009 [main] INFO  testCases.TC_003_LoginDataDrivenTest - Starting TC_003 Data Driven Test
18:51:47.419 [main] INFO  testCases.TC_003_LoginDataDrivenTest - Starting TC_003 Data Driven Test
18:51:48.368 [main] INFO  testCases.TC_003_LoginDataDrivenTest - closing browser
21:46:26.005 [main] INFO  testCases.TC_001_AccountRegistrationTest - lunching chrome browser
21:46:29.670 [main] INFO  testCases.TC_001_AccountRegistrationTest - lunching browser url
21:46:29.819 [main] INFO  testCases.TC_001_AccountRegistrationTest - *****TC_001_AccountRegistrationTest****
21:46:29.960 [main] INFO  testCases.TC_001_AccountRegistrationTest - click on my account
21:46:30.255 [main] INFO  testCases.TC_001_AccountRegistrationTest - click on registration
21:46:30.258 [main] INFO  testCases.TC_001_AccountRegistrationTest - providing customer details
21:46:30.825 [main] INFO  testCases.TC_001_AccountRegistrationTest - click on continue button
21:46:31.492 [main] INFO  testCases.TC_001_AccountRegistrationTest - closing browser
21:46:31.494 [main] INFO  testCases.TC_002_LoginTest - lunching chrome browser
21:46:33.560 [main] INFO  testCases.TC_002_LoginTest - lunching browser url
21:46:35.251 [main] INFO  testCases.TC_002_LoginTest - closing browser
21:46:35.253 [main] INFO  testCases.TC_003_LoginDataDrivenTest - lunching chrome browser
21:46:36.733 [main] INFO  testCases.TC_003_LoginDataDrivenTest - lunching browser url
21:46:37.886 [main] INFO  testCases.TC_003_LoginDataDrivenTest - Starting TC_003 Data Driven Test
21:46:48.637 [main] INFO  testCases.TC_003_LoginDataDrivenTest - Starting TC_003 Data Driven Test
21:46:59.056 [main] INFO  testCases.TC_003_LoginDataDrivenTest - Starting TC_003 Data Driven Test
21:47:09.506 [main] INFO  testCases.TC_003_LoginDataDrivenTest - Starting TC_003 Data Driven Test
21:47:19.988 [main] INFO  testCases.TC_003_LoginDataDrivenTest - Starting TC_003 Data Driven Test
21:47:21.127 [main] INFO  testCases.TC_003_LoginDataDrivenTest - closing browser
21:49:41.814 [main] INFO  testCases.TC_001_AccountRegistrationTest - lunching chrome browser
21:49:44.212 [main] INFO  testCases.TC_001_AccountRegistrationTest - lunching browser url
21:49:44.354 [main] INFO  testCases.TC_001_AccountRegistrationTest - *****TC_001_AccountRegistrationTest****
21:49:44.468 [main] INFO  testCases.TC_001_AccountRegistrationTest - click on my account
21:49:44.789 [main] INFO  testCases.TC_001_AccountRegistrationTest - click on registration
21:49:44.791 [main] INFO  testCases.TC_001_AccountRegistrationTest - providing customer details
21:49:45.352 [main] INFO  testCases.TC_001_AccountRegistrationTest - click on continue button
21:49:45.940 [main] INFO  testCases.TC_001_AccountRegistrationTest - closing browser
21:49:45.943 [main] INFO  testCases.TC_002_LoginTest - lunching chrome browser
21:49:47.507 [main] INFO  testCases.TC_002_LoginTest - lunching browser url
21:49:49.168 [main] INFO  testCases.TC_002_LoginTest - closing browser
21:49:49.169 [main] INFO  testCases.TC_003_LoginDataDrivenTest - lunching chrome browser
21:49:50.620 [main] INFO  testCases.TC_003_LoginDataDrivenTest - lunching browser url
21:49:51.719 [main] INFO  testCases.TC_003_LoginDataDrivenTest - Starting TC_003 Data Driven Test
21:50:02.324 [main] INFO  testCases.TC_003_LoginDataDrivenTest - Starting TC_003 Data Driven Test
21:50:12.736 [main] INFO  testCases.TC_003_LoginDataDrivenTest - Starting TC_003 Data Driven Test
21:50:23.196 [main] INFO  testCases.TC_003_LoginDataDrivenTest - Starting TC_003 Data Driven Test
21:50:33.618 [main] INFO  testCases.TC_003_LoginDataDrivenTest - Starting TC_003 Data Driven Test
21:50:34.727 [main] INFO  testCases.TC_003_LoginDataDrivenTest - closing browser
22:13:40.232 [main] INFO  testCases.TC_001_AccountRegistrationTest - lunching chrome browser
22:13:45.094 [main] INFO  testCases.TC_001_AccountRegistrationTest - lunching browser url
22:13:45.263 [main] INFO  testCases.TC_001_AccountRegistrationTest - *****TC_001_AccountRegistrationTest****
22:13:45.417 [main] INFO  testCases.TC_001_AccountRegistrationTest - click on my account
22:13:45.797 [main] INFO  testCases.TC_001_AccountRegistrationTest - click on registration
22:13:45.799 [main] INFO  testCases.TC_001_AccountRegistrationTest - providing customer details
22:13:46.332 [main] INFO  testCases.TC_001_AccountRegistrationTest - click on continue button
22:13:47.333 [main] INFO  testCases.TC_001_AccountRegistrationTest - closing browser
22:13:47.336 [main] INFO  testCases.TC_002_LoginTest - lunching chrome browser
22:13:52.512 [main] INFO  testCases.TC_002_LoginTest - lunching browser url
22:13:54.701 [main] INFO  testCases.TC_002_LoginTest - closing browser
22:15:33.136 [main] INFO  testCases.TC_001_AccountRegistrationTest - lunching chrome browser
22:15:39.201 [main] INFO  testCases.TC_001_AccountRegistrationTest - lunching browser url
22:15:39.356 [main] INFO  testCases.TC_001_AccountRegistrationTest - *****TC_001_AccountRegistrationTest****
22:15:39.522 [main] INFO  testCases.TC_001_AccountRegistrationTest - click on my account
22:15:41.969 [main] INFO  testCases.TC_001_AccountRegistrationTest - click on registration
22:15:41.993 [main] INFO  testCases.TC_001_AccountRegistrationTest - providing customer details
22:15:44.232 [main] INFO  testCases.TC_001_AccountRegistrationTest - click on continue button
22:15:45.075 [main] INFO  testCases.TC_001_AccountRegistrationTest - closing browser
22:15:45.077 [main] INFO  testCases.TC_002_LoginTest - lunching chrome browser
22:15:48.434 [main] INFO  testCases.TC_002_LoginTest - lunching browser url
22:15:50.801 [main] INFO  testCases.TC_002_LoginTest - closing browser
22:35:07.765 [main] INFO  testCases.TC_001_AccountRegistrationTest - lunching chrome browser
22:35:23.021 [main] INFO  testCases.TC_002_LoginTest - lunching chrome browser
22:38:11.727 [main] INFO  testCases.TC_002_LoginTest - lunching chrome browser
22:38:17.803 [main] INFO  testCases.TC_002_LoginTest - lunching browser url
22:38:32.424 [main] INFO  testCases.TC_002_LoginTest - closing browser
22:38:32.428 [main] INFO  testCases.TC_001_AccountRegistrationTest - lunching chrome browser
22:38:34.928 [main] INFO  testCases.TC_001_AccountRegistrationTest - lunching browser url
22:38:35.082 [main] INFO  testCases.TC_001_AccountRegistrationTest - *****TC_001_AccountRegistrationTest****
22:38:35.265 [main] INFO  testCases.TC_001_AccountRegistrationTest - click on my account
22:38:35.665 [main] INFO  testCases.TC_001_AccountRegistrationTest - click on registration
22:38:35.668 [main] INFO  testCases.TC_001_AccountRegistrationTest - providing customer details
22:38:36.160 [main] INFO  testCases.TC_001_AccountRegistrationTest - click on continue button
22:38:36.814 [main] INFO  testCases.TC_001_AccountRegistrationTest - closing browser
23:14:11.232 [main] INFO  testCases.TC_001_AccountRegistrationTest - lunching chrome browser
23:14:15.101 [main] INFO  testCases.TC_001_AccountRegistrationTest - lunching browser url
23:14:15.237 [main] INFO  testCases.TC_001_AccountRegistrationTest - *****TC_001_AccountRegistrationTest****
23:14:15.366 [main] INFO  testCases.TC_001_AccountRegistrationTest - click on my account
23:14:15.734 [main] INFO  testCases.TC_001_AccountRegistrationTest - click on registration
23:14:15.736 [main] INFO  testCases.TC_001_AccountRegistrationTest - providing customer details
23:14:16.304 [main] INFO  testCases.TC_001_AccountRegistrationTest - click on continue button
23:14:17.021 [main] INFO  testCases.TC_001_AccountRegistrationTest - closing browser
23:14:17.024 [main] INFO  testCases.TC_002_LoginTest - lunching chrome browser
23:14:19.285 [main] INFO  testCases.TC_002_LoginTest - lunching browser url
23:14:20.882 [main] INFO  testCases.TC_002_LoginTest - closing browser
23:14:20.883 [main] INFO  testCases.TC_003_LoginDataDrivenTest - lunching chrome browser
23:14:22.497 [main] INFO  testCases.TC_003_LoginDataDrivenTest - lunching browser url
23:14:23.707 [main] INFO  testCases.TC_003_LoginDataDrivenTest - Starting TC_003 Data Driven Test
23:14:34.501 [main] INFO  testCases.TC_003_LoginDataDrivenTest - Starting TC_003 Data Driven Test
23:14:44.978 [main] INFO  testCases.TC_003_LoginDataDrivenTest - Starting TC_003 Data Driven Test
23:14:55.465 [main] INFO  testCases.TC_003_LoginDataDrivenTest - Starting TC_003 Data Driven Test
23:15:05.965 [main] INFO  testCases.TC_003_LoginDataDrivenTest - Starting TC_003 Data Driven Test
23:15:07.213 [main] INFO  testCases.TC_003_LoginDataDrivenTest - closing browser
23:19:24.891 [main] INFO  testCases.TC_001_AccountRegistrationTest - lunching chrome browser
23:19:28.084 [main] INFO  testCases.TC_001_AccountRegistrationTest - lunching browser url
23:19:28.256 [main] INFO  testCases.TC_001_AccountRegistrationTest - *****TC_001_AccountRegistrationTest****
23:19:28.482 [main] INFO  testCases.TC_001_AccountRegistrationTest - click on my account
23:19:28.968 [main] INFO  testCases.TC_001_AccountRegistrationTest - click on registration
23:19:28.972 [main] INFO  testCases.TC_001_AccountRegistrationTest - providing customer details
23:19:29.792 [main] INFO  testCases.TC_001_AccountRegistrationTest - click on continue button
23:19:30.541 [main] INFO  testCases.TC_001_AccountRegistrationTest - closing browser
23:19:30.545 [main] INFO  testCases.TC_002_LoginTest - lunching chrome browser
23:19:32.578 [main] INFO  testCases.TC_002_LoginTest - lunching browser url
23:19:34.747 [main] INFO  testCases.TC_002_LoginTest - closing browser
23:19:34.748 [main] INFO  testCases.TC_003_LoginDataDrivenTest - lunching chrome browser
23:19:36.446 [main] INFO  testCases.TC_003_LoginDataDrivenTest - lunching browser url
23:19:37.639 [main] INFO  testCases.TC_003_LoginDataDrivenTest - Starting TC_003 Data Driven Test
23:19:48.740 [main] INFO  testCases.TC_003_LoginDataDrivenTest - Starting TC_003 Data Driven Test
23:19:59.171 [main] INFO  testCases.TC_003_LoginDataDrivenTest - Starting TC_003 Data Driven Test
23:20:09.698 [main] INFO  testCases.TC_003_LoginDataDrivenTest - Starting TC_003 Data Driven Test
23:20:20.145 [main] INFO  testCases.TC_003_LoginDataDrivenTest - Starting TC_003 Data Driven Test
23:20:21.423 [main] INFO  testCases.TC_003_LoginDataDrivenTest - closing browser
23:40:28.301 [main] INFO  testCases.TC_001_AccountRegistrationTest - lunching chrome browser
23:40:31.115 [main] INFO  testCases.TC_001_AccountRegistrationTest - lunching browser url
23:40:31.271 [main] INFO  testCases.TC_001_AccountRegistrationTest - *****TC_001_AccountRegistrationTest****
23:40:31.435 [main] INFO  testCases.TC_001_AccountRegistrationTest - click on my account
23:40:31.806 [main] INFO  testCases.TC_001_AccountRegistrationTest - click on registration
23:40:31.808 [main] INFO  testCases.TC_001_AccountRegistrationTest - providing customer details
23:40:32.341 [main] INFO  testCases.TC_001_AccountRegistrationTest - click on continue button
23:40:33.016 [main] INFO  testCases.TC_001_AccountRegistrationTest - closing browser
23:40:33.020 [main] INFO  testCases.TC_002_LoginTest - lunching chrome browser
23:40:34.660 [main] INFO  testCases.TC_002_LoginTest - lunching browser url
23:40:36.397 [main] INFO  testCases.TC_002_LoginTest - closing browser
23:40:36.398 [main] INFO  testCases.TC_003_LoginDataDrivenTest - lunching chrome browser
23:40:37.980 [main] INFO  testCases.TC_003_LoginDataDrivenTest - lunching browser url
23:40:39.275 [main] INFO  testCases.TC_003_LoginDataDrivenTest - Starting TC_003 Data Driven Test
23:40:50.054 [main] INFO  testCases.TC_003_LoginDataDrivenTest - Starting TC_003 Data Driven Test
23:41:00.498 [main] INFO  testCases.TC_003_LoginDataDrivenTest - Starting TC_003 Data Driven Test
23:41:10.998 [main] INFO  testCases.TC_003_LoginDataDrivenTest - Starting TC_003 Data Driven Test
23:41:21.456 [main] INFO  testCases.TC_003_LoginDataDrivenTest - Starting TC_003 Data Driven Test
23:41:22.688 [main] INFO  testCases.TC_003_LoginDataDrivenTest - closing browser
23:50:08.062 [main] INFO  testCases.TC_001_AccountRegistrationTest - lunching chrome browser
23:50:11.159 [main] INFO  testCases.TC_001_AccountRegistrationTest - lunching browser url
23:50:11.317 [main] INFO  testCases.TC_001_AccountRegistrationTest - *****TC_001_AccountRegistrationTest****
23:50:11.460 [main] INFO  testCases.TC_001_AccountRegistrationTest - click on my account
23:50:11.821 [main] INFO  testCases.TC_001_AccountRegistrationTest - click on registration
23:50:11.823 [main] INFO  testCases.TC_001_AccountRegistrationTest - providing customer details
23:50:12.326 [main] INFO  testCases.TC_001_AccountRegistrationTest - click on continue button
23:50:13.025 [main] INFO  testCases.TC_001_AccountRegistrationTest - closing browser
23:50:13.028 [main] INFO  testCases.TC_002_LoginTest - lunching chrome browser
23:50:14.767 [main] INFO  testCases.TC_002_LoginTest - lunching browser url
23:50:16.395 [main] INFO  testCases.TC_002_LoginTest - closing browser
23:50:16.396 [main] INFO  testCases.TC_003_LoginDataDrivenTest - lunching chrome browser
23:50:17.970 [main] INFO  testCases.TC_003_LoginDataDrivenTest - lunching browser url
23:50:19.115 [main] INFO  testCases.TC_003_LoginDataDrivenTest - Starting TC_003 Data Driven Test
23:50:29.867 [main] INFO  testCases.TC_003_LoginDataDrivenTest - Starting TC_003 Data Driven Test
23:50:40.296 [main] INFO  testCases.TC_003_LoginDataDrivenTest - Starting TC_003 Data Driven Test
23:50:50.723 [main] INFO  testCases.TC_003_LoginDataDrivenTest - Starting TC_003 Data Driven Test
23:51:01.182 [main] INFO  testCases.TC_003_LoginDataDrivenTest - Starting TC_003 Data Driven Test
23:51:02.714 [main] INFO  testCases.TC_003_LoginDataDrivenTest - closing browser
13:18:56.717 [main] INFO  testCases.TC_001_AccountRegistrationTest - lunching chrome browser
13:19:00.048 [main] INFO  testCases.TC_001_AccountRegistrationTest - lunching browser url
13:19:00.205 [main] INFO  testCases.TC_001_AccountRegistrationTest - *****TC_001_AccountRegistrationTest****
13:19:00.367 [main] INFO  testCases.TC_001_AccountRegistrationTest - click on my account
13:19:00.758 [main] INFO  testCases.TC_001_AccountRegistrationTest - click on registration
13:19:00.759 [main] INFO  testCases.TC_001_AccountRegistrationTest - providing customer details
13:19:01.335 [main] INFO  testCases.TC_001_AccountRegistrationTest - click on continue button
13:19:02.077 [main] INFO  testCases.TC_001_AccountRegistrationTest - closing browser
13:19:02.080 [main] INFO  testCases.TC_002_LoginTest - lunching chrome browser
13:19:04.060 [main] INFO  testCases.TC_002_LoginTest - lunching browser url
13:19:05.581 [main] INFO  testCases.TC_002_LoginTest - closing browser
13:19:05.582 [main] INFO  testCases.TC_003_LoginDataDrivenTest - lunching chrome browser
13:19:07.237 [main] INFO  testCases.TC_003_LoginDataDrivenTest - lunching browser url
13:19:08.273 [main] INFO  testCases.TC_003_LoginDataDrivenTest - Starting TC_003 Data Driven Test
13:19:18.959 [main] INFO  testCases.TC_003_LoginDataDrivenTest - Starting TC_003 Data Driven Test
13:19:29.409 [main] INFO  testCases.TC_003_LoginDataDrivenTest - Starting TC_003 Data Driven Test
13:19:39.894 [main] INFO  testCases.TC_003_LoginDataDrivenTest - Starting TC_003 Data Driven Test
13:19:50.315 [main] INFO  testCases.TC_003_LoginDataDrivenTest - Starting TC_003 Data Driven Test
13:19:51.466 [main] INFO  testCases.TC_003_LoginDataDrivenTest - closing browser
09:53:55.148 [main] INFO  testCases.TC_001_AccountRegistrationTest - lunching chrome browser
